[0.08876457384645398*X1,     0.1460170160190844*cos(X1)]
[-0.010715009956985155*sin(X1),      0.712416770646382]
[1.477778661998095e-5*X1**2/cos(X1) + 0.1759615361353737*sin(X1),    0.8205788009660315]
[0.6451946091400218*sin(X0) - 0.8931998054064694*cos(X0),    0.289177490881291*X1/(X1 - 0.15327149934009127*cos(X0)) + 0.213392437346286*sin(X0)/(X1 - 0.15327149934009127*cos(X0)) - 0.044322667602781046*cos(X0)/(X1 - 0.15327149934009127*cos(X0))]
[0.9530081179146985*sin(X0) - 0.2922209085450467,    0.14153703723917799*X1 - 0.69189030037122685*sin(X1)/cos(X0) - 0.067392716371355685*cos(X0) + 0.8825078587690651*cos(X1)/cos(X0)]
[1.6310051882563266*sin(X0),         X0]
[1.1523328821482215*sin(X0),         -70.5625677437107*cos(X1)]
[0.7101671306471543,         -70.56255074772032*cos(X1)]
[0.9916595313707224*cos(X0),         -1.0*X0 - 39.53543693270845*sin(X1) - 152.5706775648029*cos(X1)]
[-0.871563120181102*sin(X1),         -3.826155731924496*sin(X0) - 0.21192175026525767*sin(X1) + 4.311750208607073]
[0.08876457384645398*X1,     0.1460170160190844*cos(X1)]
[-0.010715009956985155*sin(X1),      0.712416770646382]
[1.477778661998095e-5*X1**2/cos(X1) + 0.1759615361353737*sin(X1),    0.8205788009660315]
[0.6451946091400218*sin(X0) - 0.8931998054064694*cos(X0),    0.289177490881291*X1/(X1 - 0.15327149934009127*cos(X0)) + 0.213392437346286*sin(X0)/(X1 - 0.15327149934009127*cos(X0)) - 0.044322667602781046*cos(X0)/(X1 - 0.15327149934009127*cos(X0))]
[0.9530081179146985*sin(X0) - 0.2922209085450467,    0.14153703723917799*X1 - 0.69189030037122685*sin(X1)/cos(X0) - 0.067392716371355685*cos(X0) + 0.8825078587690651*cos(X1)/cos(X0)]
[1.6310051882563266*sin(X0),         X0]
[1.1523328821482215*sin(X0),         -70.5625677437107*cos(X1)]
[0.7101671306471543,         -70.56255074772032*cos(X1)]
[0.9916595313707224*cos(X0),         -1.0*X0 - 39.53543693270845*sin(X1) - 152.5706775648029*cos(X1)]
[-0.871563120181102*sin(X1),         -3.826155731924496*sin(X0) - 0.21192175026525767*sin(X1) + 4.311750208607073]